Using pre-set license
Built from '2022.3/staging' branch; Version is '2022.3.41f1 (0f988161febf) revision 1022081'; Using compiler version '192829333'; Build Type 'Release'
OS: 'Windows 10  (10.0.18363) 64bit Professional' Language: 'en' Physical Memory: 3981 MB
BatchMode: 1, IsHumanControllingUs: 0, StartBugReporterOnCrash: 0, Is64bit: 1, IsPro: 1

COMMAND LINE ARGUMENTS:
C:\Program Files\Unity\Hub\Editor\2022.3.41f1\Editor\Unity.exe
-adb2
-batchMode
-noUpm
-name
AssetImportWorker2
-projectPath
E:/Unity_C#_Scripting_3D/From_Udemy/Zombie_Runner/Zombie_Shooter_FPS
-logFile
Logs/AssetImportWorker2.log
-srvPort
52423
Successfully changed project path to: E:/Unity_C#_Scripting_3D/From_Udemy/Zombie_Runner/Zombie_Shooter_FPS
E:/Unity_C#_Scripting_3D/From_Udemy/Zombie_Runner/Zombie_Shooter_FPS
[UnityMemory] Configuration Parameters - Can be set up in boot.config
    "memorysetup-bucket-allocator-granularity=16"
    "memorysetup-bucket-allocator-bucket-count=8"
    "memorysetup-bucket-allocator-block-size=33554432"
    "memorysetup-bucket-allocator-block-count=8"
    "memorysetup-main-allocator-block-size=16777216"
    "memorysetup-thread-allocator-block-size=16777216"
    "memorysetup-gfx-main-allocator-block-size=16777216"
    "memorysetup-gfx-thread-allocator-block-size=16777216"
    "memorysetup-cache-allocator-block-size=4194304"
    "memorysetup-typetree-allocator-block-size=2097152"
    "memorysetup-profiler-bucket-allocator-granularity=16"
    "memorysetup-profiler-bucket-allocator-bucket-count=8"
    "memorysetup-profiler-bucket-allocator-block-size=33554432"
    "memorysetup-profiler-bucket-allocator-block-count=8"
    "memorysetup-profiler-allocator-block-size=16777216"
    "memorysetup-profiler-editor-allocator-block-size=1048576"
    "memorysetup-temp-allocator-size-main=16777216"
    "memorysetup-job-temp-allocator-block-size=2097152"
    "memorysetup-job-temp-allocator-block-size-background=1048576"
    "memorysetup-job-temp-allocator-reduction-small-platforms=262144"
    "memorysetup-allocator-temp-initial-block-size-main=262144"
    "memorysetup-allocator-temp-initial-block-size-worker=262144"
    "memorysetup-temp-allocator-size-background-worker=32768"
    "memorysetup-temp-allocator-size-job-worker=262144"
    "memorysetup-temp-allocator-size-preload-manager=33554432"
    "memorysetup-temp-allocator-size-nav-mesh-worker=65536"
    "memorysetup-temp-allocator-size-audio-worker=65536"
    "memorysetup-temp-allocator-size-cloud-worker=32768"
    "memorysetup-temp-allocator-size-gi-baking-worker=262144"
    "memorysetup-temp-allocator-size-gfx=262144"
Player connection [13228]  Target information:

Player connection [13228]  * "[IP] 192.168.1.5 [Port] 0 [Flags] 2 [Guid] 325085523 [EditorId] 325085523 [Version] 1048832 [Id] WindowsEditor(7,DESKTOP-2ROPMHT) [Debug] 1 [PackageName] WindowsEditor [ProjectName] Editor" 

Player connection [13228] Host joined multi-casting on [225.0.0.222:54997]...
Player connection [13228] Host joined alternative multi-casting on [225.0.0.222:34997]...
[PhysX] Initialized MultithreadedTaskDispatcher with 2 workers.
Refreshing native plugins compatible for Editor in 954.20 ms, found 3 plugins.
Preloading 0 native plugins for Editor in 0.00 ms.
Initialize engine version: 2022.3.41f1 (0f988161febf)
[Subsystems] Discovering subsystems at path C:/Program Files/Unity/Hub/Editor/2022.3.41f1/Editor/Data/Resources/UnitySubsystems
[Subsystems] Discovering subsystems at path E:/Unity_C#_Scripting_3D/From_Udemy/Zombie_Runner/Zombie_Shooter_FPS/Assets
GfxDevice: creating device client; threaded=0; jobified=0
Direct3D:
    Version:  Direct3D 11.0 [level 11.1]
    Renderer: AMD Radeon(TM) R2 Graphics (ID=0x98e4)
    Vendor:   ATI
    VRAM:     1990 MB
    Driver:   26.20.11008.1007
Initialize mono
Mono path[0] = 'C:/Program Files/Unity/Hub/Editor/2022.3.41f1/Editor/Data/Managed'
Mono path[1] = 'C:/Program Files/Unity/Hub/Editor/2022.3.41f1/Editor/Data/MonoBleedingEdge/lib/mono/unityjit-win32'
Mono config path = 'C:/Program Files/Unity/Hub/Editor/2022.3.41f1/Editor/Data/MonoBleedingEdge/etc'
Using monoOptions --debugger-agent=transport=dt_socket,embedding=1,server=y,suspend=n,address=127.0.0.1:56276
Begin MonoManager ReloadAssembly
Registering precompiled unity dll's ...
Register platform support module: C:/Program Files/Unity/Hub/Editor/2022.3.41f1/Editor/Data/PlaybackEngines/WebGLSupport/UnityEditor.WebGL.Extensions.dll
Register platform support module: C:/Program Files/Unity/Hub/Editor/2022.3.41f1/Editor/Data/PlaybackEngines/WindowsStandaloneSupport/UnityEditor.WindowsStandalone.Extensions.dll
Registered in 0.212987 seconds.
- Loaded All Assemblies, in 19.625 seconds
Native extension for WindowsStandalone target not found
Native extension for WebGL target not found
Mono: successfully reloaded assembly
- Finished resetting the current domain, in 32.228 seconds
Domain Reload Profiling: 52366ms
	BeginReloadAssembly (12540ms)
		ExecutionOrderSort (1ms)
		DisableScriptedObjects (2ms)
		BackupInstance (0ms)
		ReleaseScriptingObjects (1ms)
		CreateAndSetChildDomain (16ms)
	RebuildCommonClasses (1014ms)
	RebuildNativeTypeToScriptingClass (154ms)
	initialDomainReloadingComplete (1216ms)
	LoadAllAssembliesAndSetupDomain (4682ms)
		LoadAssemblies (12496ms)
		RebuildTransferFunctionScriptingTraits (0ms)
		AnalyzeDomain (4660ms)
			TypeCache.Refresh (4638ms)
				TypeCache.ScanAssembly (4334ms)
			ScanForSourceGeneratedMonoScriptInfo (5ms)
			ResolveRequiredComponents (14ms)
	FinalizeReload (32761ms)
		ReleaseScriptCaches (0ms)
		RebuildScriptCaches (0ms)
		SetupLoadedEditorAssemblies (21051ms)
			LogAssemblyErrors (0ms)
			InitializePlatformSupportModulesInManaged (241ms)
			SetLoadedEditorAssemblies (42ms)
			RefreshPlugins (0ms)
			BeforeProcessingInitializeOnLoad (27ms)
			ProcessInitializeOnLoadAttributes (2171ms)
			ProcessInitializeOnLoadMethodAttributes (18566ms)
			AfterProcessingInitializeOnLoad (1ms)
			EditorAssembliesLoaded (2ms)
		ExecutionOrderSort2 (0ms)
		AwakeInstancesAfterBackupRestoration (0ms)
========================================================================
Worker process is ready to serve import requests
Caller must complete domain reload
Begin MonoManager ReloadAssembly
Symbol file LoadedFromMemory is not a mono symbol file
- Loaded All Assemblies, in 21.557 seconds
Native extension for WindowsStandalone target not found
Native extension for WebGL target not found
Package Manager log level set to [2]
[Package Manager] Server::EnsureServerProcessIsRunning -- launch failed, reason: Unity was launched with the -noUpm command-line argument
[Package Manager] UpmClient::Send -- Unable to send message (not connected to UPM process).
[Package Manager] Cannot connect to Unity Package Manager local server
Mono: successfully reloaded assembly
- Finished resetting the current domain, in 14.637 seconds
Domain Reload Profiling: 36154ms
	BeginReloadAssembly (4069ms)
		ExecutionOrderSort (0ms)
		DisableScriptedObjects (114ms)
		BackupInstance (0ms)
		ReleaseScriptingObjects (9ms)
		CreateAndSetChildDomain (374ms)
	RebuildCommonClasses (445ms)
	RebuildNativeTypeToScriptingClass (110ms)
	initialDomainReloadingComplete (576ms)
	LoadAllAssembliesAndSetupDomain (16313ms)
		LoadAssemblies (11777ms)
		RebuildTransferFunctionScriptingTraits (0ms)
		AnalyzeDomain (7020ms)
			TypeCache.Refresh (6446ms)
				TypeCache.ScanAssembly (4968ms)
			ScanForSourceGeneratedMonoScriptInfo (412ms)
			ResolveRequiredComponents (152ms)
	FinalizeReload (14641ms)
		ReleaseScriptCaches (0ms)
		RebuildScriptCaches (0ms)
		SetupLoadedEditorAssemblies (12380ms)
			LogAssemblyErrors (0ms)
			InitializePlatformSupportModulesInManaged (111ms)
			SetLoadedEditorAssemblies (55ms)
			RefreshPlugins (0ms)
			BeforeProcessingInitializeOnLoad (812ms)
			ProcessInitializeOnLoadAttributes (7035ms)
			ProcessInitializeOnLoadMethodAttributes (4312ms)
			AfterProcessingInitializeOnLoad (53ms)
			EditorAssembliesLoaded (2ms)
		ExecutionOrderSort2 (0ms)
		AwakeInstancesAfterBackupRestoration (64ms)
Shader Hidden/ProbeVolume/VoxelizeScene is not supported: GPU does not support conservative rasterization
Shader Hidden/ProbeVolume/VoxelizeScene is not supported: GPU does not support conservative rasterization
Launched and connected shader compiler UnityShaderCompiler.exe after 0.69 seconds
Refreshing native plugins compatible for Editor in 223.57 ms, found 3 plugins.
Preloading 0 native plugins for Editor in 0.00 ms.
Unloading 6823 Unused Serialized files (Serialized files now loaded: 0)
Unloading 81 unused Assets / (3.3 MB). Loaded Objects now: 7294.
Memory consumption went from 355.8 MB to 352.5 MB.
Total: 145.592600 ms (FindLiveObjects: 7.227200 ms CreateObjectMapping: 3.233000 ms MarkObjects: 119.277700 ms  DeleteObjects: 14.981800 ms)

AssetImportParameters requested are different than current active one (requested -> active):
  custom:container-demuxer-ogg: 62fdf1f143b41e24485cea50d1cbac27 -> 
  custom:framework-win-MediaFoundation: 216162199b28c13a410421893ffa2e32 -> 
  custom:container-muxer-webm: aa71ff27fc2769a1b78a27578f13a17b -> 
  custom:video-decoder-webm-vp8: 9c59270c3fd7afecdb556c50c9e8de78 -> 
  custom:SearchIndexIgnoredProperties: e643bd26f0fe6173181afceb89e7c659 -> 
  custom:AudioImporter_EditorPlatform: d09bf68614088b80899f8185d706f6e7 -> 
  custom:audio-decoder-ogg-vorbis: bf7c407c2cedff20999df2af8eb42d56 -> 
  custom:audio-encoder-webm-vorbis: bf7c407c2cedff20999df2af8eb42d56 -> 
  custom:video-decoder-ogg-theora: a1e56fd34408186e4bbccfd4996cb3dc -> 
  custom:CustomObjectIndexerAttribute: 3ead1caaecf1c488f20bcfeb224b6af5 -> 
  custom:container-demuxer-webm: 4f35f7cbe854078d1ac9338744f61a02 -> 
  custom:video-encoder-webm-vp8: eb34c28f22e8b96e1ab97ce403110664 -> 
========================================================================
Received Import Request.
  Time since last request: 90628.265233 seconds.
  path: Assets/Prefabs/Player.prefab
  artifactKey: Guid(82b6427a14445d147a805343c3d1930e) Importer(815301076,1909f56bfc062723c751e8b465ee728b)
Start importing Assets/Prefabs/Player.prefab using Guid(82b6427a14445d147a805343c3d1930e) Importer(815301076,1909f56bfc062723c751e8b465ee728b) [PhysX] Initialized MultithreadedTaskDispatcher with 2 workers.
[PhysX] Initialized MultithreadedTaskDispatcher with 2 workers.
 -> (artifact id: '2f9d3675623b128d4ac95b78903d7760') in 10.337394 seconds
Number of updated asset objects reloaded before import = 0
Number of asset objects unloaded after import = 374
========================================================================
Received Import Request.
  Time since last request: 0.000134 seconds.
  path: Assets/Prefabs/FPS_Terrain.prefab
  artifactKey: Guid(985fe5fef10bf1b4c9ce50faadd2e665) Importer(815301076,1909f56bfc062723c751e8b465ee728b)
Start importing Assets/Prefabs/FPS_Terrain.prefab using Guid(985fe5fef10bf1b4c9ce50faadd2e665) Importer(815301076,1909f56bfc062723c751e8b465ee728b) [PhysX] Initialized MultithreadedTaskDispatcher with 2 workers.
[PhysX] Initialized MultithreadedTaskDispatcher with 2 workers.
 -> (artifact id: '524df011b46c12f53143a47fb2cdd294') in 33.515425 seconds
Number of updated asset objects reloaded before import = 0
Number of asset objects unloaded after import = 2861
========================================================================
Received Import Request.
  Time since last request: 2246.352258 seconds.
  path: Assets/Prefabs/Reticle(UI).prefab
  artifactKey: Guid(70b01beeeed02434ea2f6ab4a3b40940) Importer(815301076,1909f56bfc062723c751e8b465ee728b)
Start importing Assets/Prefabs/Reticle(UI).prefab using Guid(70b01beeeed02434ea2f6ab4a3b40940) Importer(815301076,1909f56bfc062723c751e8b465ee728b) [PhysX] Initialized MultithreadedTaskDispatcher with 2 workers.
 -> (artifact id: 'af1da23773ceb9020203e07f72001952') in 6.642397 seconds
Number of updated asset objects reloaded before import = 0
Number of asset objects unloaded after import = 91
========================================================================
Received Import Request.
  Time since last request: 9.381950 seconds.
  path: Assets/Prefabs/Player.prefab
  artifactKey: Guid(82b6427a14445d147a805343c3d1930e) Importer(815301076,1909f56bfc062723c751e8b465ee728b)
Start importing Assets/Prefabs/Player.prefab using Guid(82b6427a14445d147a805343c3d1930e) Importer(815301076,1909f56bfc062723c751e8b465ee728b) [PhysX] Initialized MultithreadedTaskDispatcher with 2 workers.
[PhysX] Initialized MultithreadedTaskDispatcher with 2 workers.
 -> (artifact id: '86792dcf516254659b6b1dacb9c00a30') in 6.615000 seconds
Number of updated asset objects reloaded before import = 0
Number of asset objects unloaded after import = 356
========================================================================
Received Prepare
Shader Hidden/ProbeVolume/VoxelizeScene is not supported: GPU does not support conservative rasterization
Shader Hidden/ProbeVolume/VoxelizeScene is not supported: GPU does not support conservative rasterization
Refreshing native plugins compatible for Editor in 80.23 ms, found 3 plugins.
Preloading 0 native plugins for Editor in 0.00 ms.
Unloading 36 Unused Serialized files (Serialized files now loaded: 0)
Unloading 39 unused Assets / (3.3 MB). Loaded Objects now: 7394.
Memory consumption went from 223.8 MB to 220.5 MB.
Total: 8891.924200 ms (FindLiveObjects: 11.875700 ms CreateObjectMapping: 2.073900 ms MarkObjects: 8863.587900 ms  DeleteObjects: 14.364500 ms)

Prepare: number of updated asset objects reloaded= 1
AssetImportParameters requested are different than current active one (requested -> active):
  custom:container-demuxer-ogg: 62fdf1f143b41e24485cea50d1cbac27 -> 
  custom:framework-win-MediaFoundation: 216162199b28c13a410421893ffa2e32 -> 
  custom:container-muxer-webm: aa71ff27fc2769a1b78a27578f13a17b -> 
  custom:video-decoder-webm-vp8: 9c59270c3fd7afecdb556c50c9e8de78 -> 
  custom:SearchIndexIgnoredProperties: e643bd26f0fe6173181afceb89e7c659 -> 
  custom:AudioImporter_EditorPlatform: d09bf68614088b80899f8185d706f6e7 -> 
  custom:audio-decoder-ogg-vorbis: bf7c407c2cedff20999df2af8eb42d56 -> 
  custom:audio-encoder-webm-vorbis: bf7c407c2cedff20999df2af8eb42d56 -> 
  custom:video-decoder-ogg-theora: a1e56fd34408186e4bbccfd4996cb3dc -> 
  custom:CustomObjectIndexerAttribute: 3ead1caaecf1c488f20bcfeb224b6af5 -> 
  custom:container-demuxer-webm: 4f35f7cbe854078d1ac9338744f61a02 -> 
  custom:video-encoder-webm-vp8: eb34c28f22e8b96e1ab97ce403110664 -> 
========================================================================
Received Import Request.
  Time since last request: 7182.346256 seconds.
  path: Assets/Prefabs/Reticle(UI).prefab
  artifactKey: Guid(70b01beeeed02434ea2f6ab4a3b40940) Importer(815301076,1909f56bfc062723c751e8b465ee728b)
Start importing Assets/Prefabs/Reticle(UI).prefab using Guid(70b01beeeed02434ea2f6ab4a3b40940) Importer(815301076,1909f56bfc062723c751e8b465ee728b) [PhysX] Initialized MultithreadedTaskDispatcher with 2 workers.
 -> (artifact id: 'fa4cc5a015081d4cb5a6c890badf5cfd') in 90.303774 seconds
Number of updated asset objects reloaded before import = 0
Number of asset objects unloaded after import = 91
========================================================================
Received Import Request.
  Time since last request: 5.167986 seconds.
  path: Assets/Prefabs/Quit.prefab
  artifactKey: Guid(22bc09a80d99a7047834c263a0f00063) Importer(815301076,1909f56bfc062723c751e8b465ee728b)
Start importing Assets/Prefabs/Quit.prefab using Guid(22bc09a80d99a7047834c263a0f00063) Importer(815301076,1909f56bfc062723c751e8b465ee728b) [PhysX] Initialized MultithreadedTaskDispatcher with 2 workers.
 -> (artifact id: 'cf1007c040d8d868ad2e22e1dc4f2f88') in 13.066229 seconds
Number of updated asset objects reloaded before import = 0
Number of asset objects unloaded after import = 5
========================================================================
Received Import Request.
  Time since last request: 6.894079 seconds.
  path: Assets/Scenes/Game_Levels/FPS_Level_5.unity
  artifactKey: Guid(f2a10fbf35765054aad9f74f7a387e69) Importer(815301076,1909f56bfc062723c751e8b465ee728b)
Start importing Assets/Scenes/Game_Levels/FPS_Level_5.unity using Guid(f2a10fbf35765054aad9f74f7a387e69) Importer(815301076,1909f56bfc062723c751e8b465ee728b) [PhysX] Initialized MultithreadedTaskDispatcher with 2 workers.
 -> (artifact id: '65a01e0d59ef27a4842428385cb62dbb') in 0.847689 seconds
Number of updated asset objects reloaded before import = 0
Number of asset objects unloaded after import = 0
========================================================================
Received Prepare
Shader Hidden/ProbeVolume/VoxelizeScene is not supported: GPU does not support conservative rasterization
Shader Hidden/ProbeVolume/VoxelizeScene is not supported: GPU does not support conservative rasterization
Refreshing native plugins compatible for Editor in 75.37 ms, found 3 plugins.
Preloading 0 native plugins for Editor in 0.00 ms.
Unloading 36 Unused Serialized files (Serialized files now loaded: 0)
Unloading 37 unused Assets / (1.5 MB). Loaded Objects now: 7393.
Memory consumption went from 221.1 MB to 219.6 MB.
Total: 1786.639700 ms (FindLiveObjects: 22.219600 ms CreateObjectMapping: 2.280900 ms MarkObjects: 1731.007700 ms  DeleteObjects: 31.107400 ms)


=================================================================
	Native Crash Reporting
=================================================================
Got a UNKNOWN while executing native code. This usually indicates
a fatal error in the mono runtime or one of the native libraries 
used by your application.
=================================================================

=================================================================
	Managed Stacktrace:
=================================================================
=================================================================
Received signal SIGSEGV
Obtained 27 stack frames
0x00007ff64b13c773 (Unity) keywords::KeywordRemap::Init
0x00007ff64b14023a (Unity) ShaderLab::IntShader::CreateKeywordRemap
0x00007ff64b142c55 (Unity) ShaderLab::IntShader::ResolveFallback
0x00007ff64b110f6f (Unity) ShaderFromSerializedShaderMainThread
0x00007ff64cb93ef0 (Unity) Shader::CreateFromParsedForm
0x00007ff64cb92d50 (Unity) Shader::AwakeFromLoad
0x00007ff64b44714d (Unity) AwakeFromLoadQueue::InvokePersistentManagerAwake
0x00007ff64b448121 (Unity) AwakeFromLoadQueue::PersistentManagerSingleQueueAwakeFromLoad
0x00007ff64b447d90 (Unity) AwakeFromLoadQueue::PersistentManagerAwakeFromLoad_NoChecks
0x00007ff64b41a17f (Unity) PersistentManager::IntegrateAllThreadedObjects
0x00007ff64b41a980 (Unity) PersistentManager::LoadAndIntegrateAllPreallocatedObjects
0x00007ff64b41b86b (Unity) PersistentManager::LoadObjects
0x00007ff64c84a2d0 (Unity) ReloadAssetIfLoaded
0x00007ff64c8118e6 (Unity) ReloadUpdatedAssets
0x00007ff64c80536e (Unity) <lambda_b37b41f03089e3cb3f55061bbc93253d>::operator()
0x00007ff64c840ab2 (Unity) asio::detail::completion_handler<core::mutable_function<void __cdecl(void)>,asio::io_context::basic_executor_type<std::allocator<void>,0> >::do_complete
0x00007ff64c82ca5e (Unity) asio::detail::win_iocp_io_context::do_one
0x00007ff64c82e6c4 (Unity) asio::detail::win_iocp_io_context::run
0x00007ff64c83ee5c (Unity) IOService::Run
0x00007ff64c8122df (Unity) AssetImportWorkerClient::Run
0x00007ff64c7ddc47 (Unity) RunAssetImportWorkerClientV2
0x00007ff64c7ddccb (Unity) RunAssetImporterV2
0x00007ff64bfd5b2e (Unity) Application::InitializeProject
0x00007ff64c46ab05 (Unity) WinMain
0x00007ff64d82b7fe (Unity) __scrt_common_main_seh
0x00007ffa29ef7c24 (KERNEL32) BaseThreadInitThunk
0x00007ffa2b56d721 (ntdll) RtlUserThreadStart

